[0.012s] Invoking command in '/home/sachinb/ros2_ws/build/task3': CMAKE_PREFIX_PATH=${CMAKE_PREFIX_PATH}:/home/sachinb/ros2_ws/install/task1:/opt/ros/humble /usr/bin/cmake --build /home/sachinb/ros2_ws/build/task3 -- -j8 -l8
[0.043s] -- Found ament_cmake: 1.3.10 (/opt/ros/humble/share/ament_cmake/cmake)
[0.196s] -- Override CMake install command with custom implementation using symlinks instead of copying resources
[0.205s] -- Found rclcpp: 16.0.10 (/opt/ros/humble/share/rclcpp/cmake)
[0.242s] -- Found rosidl_generator_c: 3.1.5 (/opt/ros/humble/share/rosidl_generator_c/cmake)
[0.245s] -- Found rosidl_adapter: 3.1.5 (/opt/ros/humble/share/rosidl_adapter/cmake)
[0.253s] -- Found rosidl_generator_cpp: 3.1.5 (/opt/ros/humble/share/rosidl_generator_cpp/cmake)
[0.266s] -- Using all available rosidl_typesupport_c: rosidl_typesupport_fastrtps_c;rosidl_typesupport_introspection_c
[0.283s] -- Using all available rosidl_typesupport_cpp: rosidl_typesupport_fastrtps_cpp;rosidl_typesupport_introspection_cpp
[0.327s] -- Found rmw_implementation_cmake: 6.1.2 (/opt/ros/humble/share/rmw_implementation_cmake/cmake)
[0.329s] -- Found rmw_fastrtps_cpp: 6.2.7 (/opt/ros/humble/share/rmw_fastrtps_cpp/cmake)
[0.456s] -- Using RMW implementation 'rmw_fastrtps_cpp' as default
[0.524s] -- Found rosidl_default_generators: 1.2.0 (/opt/ros/humble/share/rosidl_default_generators/cmake)
[0.533s] -- Found task3: 0.0.0 (/home/sachinb/ros2_ws/install/task3/share/task3/cmake)
[0.863s] -- Found ament_cmake_ros: 0.10.0 (/opt/ros/humble/share/ament_cmake_ros/cmake)
[1.251s] -- Using all available rosidl_typesupport_c: rosidl_typesupport_fastrtps_c;rosidl_typesupport_introspection_c
[1.402s] -- Using all available rosidl_typesupport_cpp: rosidl_typesupport_fastrtps_cpp;rosidl_typesupport_introspection_cpp
[1.432s] -- Found python_cmake_module: 0.10.0 (/opt/ros/humble/share/python_cmake_module/cmake)
[1.463s] -- Using PYTHON_EXECUTABLE: /usr/bin/python3
[1.463s] -- Using PYTHON_INCLUDE_DIRS: /usr/include/python3.10
[1.463s] -- Using PYTHON_LIBRARIES: /usr/lib/x86_64-linux-gnu/libpython3.10.so
[1.485s] -- Found ament_lint_auto: 0.12.11 (/opt/ros/humble/share/ament_lint_auto/cmake)
[1.504s] -- Added test 'cppcheck' to perform static code analysis on C / C++ code
[1.505s] -- Configured cppcheck include dirs: 
[1.505s] -- Configured cppcheck exclude dirs and/or files: 
[1.506s] -- Added test 'lint_cmake' to check CMake code style
[1.507s] -- Added test 'uncrustify' to check C / C++ code style
[1.508s] -- Configured uncrustify additional arguments: 
[1.508s] -- Added test 'xmllint' to check XML markup files
[1.513s] -- Configuring done
[1.569s] -- Generating done
[1.574s] -- Build files have been written to: /home/sachinb/ros2_ws/build/task3
[1.605s] [35m[1mConsolidate compiler generated dependencies of target task3__rosidl_generator_c[0m
[1.606s] [35m[1mConsolidate compiler generated dependencies of target node1[0m
[1.611s] [35m[1mConsolidate compiler generated dependencies of target node2[0m
[1.620s] [  2%] Built target task3__cpp
[1.620s] [ 11%] Built target task3__rosidl_generator_c
[1.635s] [ 14%] [32mBuilding CXX object CMakeFiles/node1.dir/src/node1.cpp.o[0m
[1.635s] [ 14%] Built target ament_cmake_python_symlink_task3
[1.635s] [ 17%] [32mBuilding CXX object CMakeFiles/node2.dir/src/node2.cpp.o[0m
[1.636s] [35m[1mConsolidate compiler generated dependencies of target task3__rosidl_typesupport_cpp[0m
[1.636s] [35m[1mConsolidate compiler generated dependencies of target task3__rosidl_typesupport_introspection_c[0m
[1.636s] [35m[1mConsolidate compiler generated dependencies of target task3__rosidl_typesupport_fastrtps_cpp[0m
[1.637s] [35m[1mConsolidate compiler generated dependencies of target task3__rosidl_typesupport_fastrtps_c[0m
[1.641s] [35m[1mConsolidate compiler generated dependencies of target task3__rosidl_typesupport_introspection_cpp[0m
[1.655s] [35m[1mConsolidate compiler generated dependencies of target task3__rosidl_typesupport_c[0m
[1.660s] [ 25%] Built target task3__rosidl_typesupport_introspection_c
[1.663s] [ 34%] Built target task3__rosidl_typesupport_cpp
[1.663s] [ 42%] Built target task3__rosidl_typesupport_fastrtps_cpp
[1.665s] [ 51%] Built target task3__rosidl_typesupport_introspection_cpp
[1.669s] [ 60%] Built target task3__rosidl_typesupport_fastrtps_c
[1.671s] [ 68%] Built target task3__rosidl_typesupport_c
[1.693s] [ 68%] Built target task3
[1.716s] [ 71%] Built target task3__py
[1.728s] [35m[1mConsolidate compiler generated dependencies of target task3__rosidl_generator_py[0m
[1.743s] [ 77%] Built target task3__rosidl_generator_py
[1.755s] [35m[1mConsolidate compiler generated dependencies of target task3__rosidl_typesupport_c__pyext[0m
[1.757s] [35m[1mConsolidate compiler generated dependencies of target task3__rosidl_typesupport_fastrtps_c__pyext[0m
[1.759s] [35m[1mConsolidate compiler generated dependencies of target task3__rosidl_typesupport_introspection_c__pyext[0m
[1.775s] [ 82%] Built target task3__rosidl_typesupport_c__pyext
[1.778s] [ 88%] Built target task3__rosidl_typesupport_fastrtps_c__pyext
[1.781s] [ 94%] Built target task3__rosidl_typesupport_introspection_c__pyext
[2.069s] running egg_info
[2.070s] writing task3.egg-info/PKG-INFO
[2.070s] writing dependency_links to task3.egg-info/dependency_links.txt
[2.070s] writing top-level names to task3.egg-info/top_level.txt
[2.073s] reading manifest file 'task3.egg-info/SOURCES.txt'
[2.074s] writing manifest file 'task3.egg-info/SOURCES.txt'
[2.107s] [ 94%] Built target ament_cmake_python_build_task3_egg
[4.825s] [01m[K/home/sachinb/ros2_ws/src/task3/src/node1.cpp:[m[K In member function â€˜[01m[Kvoid Node1::requestCallback(std::shared_ptr<task3::srv::Custom_Request_<std::allocator<void> > >, std::shared_ptr<task3::srv::Custom_Response_<std::allocator<void> > >)[m[Kâ€™:
[4.825s] [01m[K/home/sachinb/ros2_ws/src/task3/src/node1.cpp:36:18:[m[K [01;31m[Kerror: [m[Kjump to case label
[4.825s]    36 |             case [01;31m[K3[m[K:
[4.825s]       |                  [01;31m[K^[m[K
[4.825s] [01m[K/home/sachinb/ros2_ws/src/task3/src/node1.cpp:33:22:[m[K [01;36m[Knote: [m[K  crosses initialization of â€˜[01m[Klong int time[m[Kâ€™
[4.825s]    33 |                 auto [01;36m[Ktime[m[K = std::chrono::system_clock::to_time_t(now);
[4.826s]       |                      [01;36m[K^~~~[m[K
[4.826s] [01m[K/home/sachinb/ros2_ws/src/task3/src/node1.cpp:32:22:[m[K [01;36m[Knote: [m[K  crosses initialization of â€˜[01m[Kstd::chrono::time_point<std::chrono::_V2::system_clock, std::chrono::duration<long int, std::ratio<1, 1000000000> > > now[m[Kâ€™
[4.826s]    32 |                 auto [01;36m[Know[m[K = std::chrono::system_clock::now();
[4.826s]       |                      [01;36m[K^~~[m[K
[4.826s] [01m[K/home/sachinb/ros2_ws/src/task3/src/node1.cpp:39:18:[m[K [01;31m[Kerror: [m[Kjump to case label
[4.826s]    39 |             case [01;31m[K4[m[K:
[4.826s]       |                  [01;31m[K^[m[K
[4.826s] [01m[K/home/sachinb/ros2_ws/src/task3/src/node1.cpp:33:22:[m[K [01;36m[Knote: [m[K  crosses initialization of â€˜[01m[Klong int time[m[Kâ€™
[4.827s]    33 |                 auto [01;36m[Ktime[m[K = std::chrono::system_clock::to_time_t(now);
[4.827s]       |                      [01;36m[K^~~~[m[K
[4.827s] [01m[K/home/sachinb/ros2_ws/src/task3/src/node1.cpp:32:22:[m[K [01;36m[Knote: [m[K  crosses initialization of â€˜[01m[Kstd::chrono::time_point<std::chrono::_V2::system_clock, std::chrono::duration<long int, std::ratio<1, 1000000000> > > now[m[Kâ€™
[4.827s]    32 |                 auto [01;36m[Know[m[K = std::chrono::system_clock::now();
[4.827s]       |                      [01;36m[K^~~[m[K
[4.827s] [01m[K/home/sachinb/ros2_ws/src/task3/src/node1.cpp:42:13:[m[K [01;31m[Kerror: [m[Kjump to case label
[4.827s]    42 |             [01;31m[Kdefault[m[K:
[4.827s]       |             [01;31m[K^~~~~~~[m[K
[4.828s] [01m[K/home/sachinb/ros2_ws/src/task3/src/node1.cpp:33:22:[m[K [01;36m[Knote: [m[K  crosses initialization of â€˜[01m[Klong int time[m[Kâ€™
[4.828s]    33 |                 auto [01;36m[Ktime[m[K = std::chrono::system_clock::to_time_t(now);
[4.828s]       |                      [01;36m[K^~~~[m[K
[4.828s] [01m[K/home/sachinb/ros2_ws/src/task3/src/node1.cpp:32:22:[m[K [01;36m[Knote: [m[K  crosses initialization of â€˜[01m[Kstd::chrono::time_point<std::chrono::_V2::system_clock, std::chrono::duration<long int, std::ratio<1, 1000000000> > > now[m[Kâ€™
[4.828s]    32 |                 auto [01;36m[Know[m[K = std::chrono::system_clock::now();
[4.828s]       |                      [01;36m[K^~~[m[K
[6.355s] [ 97%] [32m[1mLinking CXX executable node2[0m
[6.583s] [ 97%] Built target node2
[8.103s] gmake[2]: *** [CMakeFiles/node1.dir/build.make:76: CMakeFiles/node1.dir/src/node1.cpp.o] Error 1
[8.103s] gmake[1]: *** [CMakeFiles/Makefile2:594: CMakeFiles/node1.dir/all] Error 2
[8.103s] gmake: *** [Makefile:146: all] Error 2
[8.106s] Invoked command in '/home/sachinb/ros2_ws/build/task3' returned '2': CMAKE_PREFIX_PATH=${CMAKE_PREFIX_PATH}:/home/sachinb/ros2_ws/install/task1:/opt/ros/humble /usr/bin/cmake --build /home/sachinb/ros2_ws/build/task3 -- -j8 -l8
