[0.007s] Invoking command in '/home/sachinb/ros2_ws/build/task3': CMAKE_PREFIX_PATH=${CMAKE_PREFIX_PATH}:/home/sachinb/ros2_ws/install/task1:/opt/ros/humble /usr/bin/cmake --build /home/sachinb/ros2_ws/build/task3 -- -j8 -l8
[0.043s] [35m[1mConsolidate compiler generated dependencies of target node2[0m
[0.045s] [35m[1mConsolidate compiler generated dependencies of target node1[0m
[0.049s] [  8%] Built target task3__rosidl_generator_c
[0.053s] [ 11%] Built target task3__cpp
[0.062s] [ 14%] [32mBuilding CXX object CMakeFiles/node1.dir/src/node1.cpp.o[0m
[0.062s] [ 14%] Built target ament_cmake_python_symlink_task3
[0.064s] [ 20%] Built target node2
[0.077s] [ 28%] Built target task3__rosidl_typesupport_c
[0.078s] [ 37%] Built target task3__rosidl_typesupport_fastrtps_c
[0.078s] [ 45%] Built target task3__rosidl_typesupport_introspection_c
[0.082s] [ 62%] Built target task3__rosidl_typesupport_cpp
[0.083s] [ 62%] Built target task3__rosidl_typesupport_fastrtps_cpp
[0.087s] [ 71%] Built target task3__rosidl_typesupport_introspection_cpp
[0.101s] [ 71%] Built target task3
[0.117s] [ 74%] Built target task3__py
[0.134s] [ 80%] Built target task3__rosidl_generator_py
[0.154s] [ 88%] Built target task3__rosidl_typesupport_fastrtps_c__pyext
[0.154s] [ 94%] Built target task3__rosidl_typesupport_c__pyext
[0.154s] [ 97%] Built target task3__rosidl_typesupport_introspection_c__pyext
[0.318s] running egg_info
[0.318s] writing task3.egg-info/PKG-INFO
[0.319s] writing dependency_links to task3.egg-info/dependency_links.txt
[0.319s] writing top-level names to task3.egg-info/top_level.txt
[0.321s] reading manifest file 'task3.egg-info/SOURCES.txt'
[0.321s] writing manifest file 'task3.egg-info/SOURCES.txt'
[0.344s] [ 97%] Built target ament_cmake_python_build_task3_egg
[1.962s] [01m[K/home/sachinb/ros2_ws/src/task3/src/node1.cpp:[m[K In member function â€˜[01m[Kvoid Node1::requestCallback(std::shared_ptr<task3::srv::Custom_Request_<std::allocator<void> > >, std::shared_ptr<task3::srv::Custom_Response_<std::allocator<void> > >)[m[Kâ€™:
[1.962s] [01m[K/home/sachinb/ros2_ws/src/task3/src/node1.cpp:36:18:[m[K [01;31m[Kerror: [m[Kjump to case label
[1.962s]    36 |             case [01;31m[K3[m[K:
[1.962s]       |                  [01;31m[K^[m[K
[1.962s] [01m[K/home/sachinb/ros2_ws/src/task3/src/node1.cpp:33:22:[m[K [01;36m[Knote: [m[K  crosses initialization of â€˜[01m[Klong int time[m[Kâ€™
[1.962s]    33 |                 auto [01;36m[Ktime[m[K = std::chrono::system_clock::to_time_t(now);
[1.962s]       |                      [01;36m[K^~~~[m[K
[1.962s] [01m[K/home/sachinb/ros2_ws/src/task3/src/node1.cpp:32:22:[m[K [01;36m[Knote: [m[K  crosses initialization of â€˜[01m[Kstd::chrono::time_point<std::chrono::_V2::system_clock, std::chrono::duration<long int, std::ratio<1, 1000000000> > > now[m[Kâ€™
[1.962s]    32 |                 auto [01;36m[Know[m[K = std::chrono::system_clock::now();
[1.962s]       |                      [01;36m[K^~~[m[K
[1.962s] [01m[K/home/sachinb/ros2_ws/src/task3/src/node1.cpp:39:18:[m[K [01;31m[Kerror: [m[Kjump to case label
[1.962s]    39 |             case [01;31m[K4[m[K:
[1.962s]       |                  [01;31m[K^[m[K
[1.962s] [01m[K/home/sachinb/ros2_ws/src/task3/src/node1.cpp:33:22:[m[K [01;36m[Knote: [m[K  crosses initialization of â€˜[01m[Klong int time[m[Kâ€™
[1.962s]    33 |                 auto [01;36m[Ktime[m[K = std::chrono::system_clock::to_time_t(now);
[1.962s]       |                      [01;36m[K^~~~[m[K
[1.962s] [01m[K/home/sachinb/ros2_ws/src/task3/src/node1.cpp:32:22:[m[K [01;36m[Knote: [m[K  crosses initialization of â€˜[01m[Kstd::chrono::time_point<std::chrono::_V2::system_clock, std::chrono::duration<long int, std::ratio<1, 1000000000> > > now[m[Kâ€™
[1.962s]    32 |                 auto [01;36m[Know[m[K = std::chrono::system_clock::now();
[1.962s]       |                      [01;36m[K^~~[m[K
[1.963s] [01m[K/home/sachinb/ros2_ws/src/task3/src/node1.cpp:42:13:[m[K [01;31m[Kerror: [m[Kjump to case label
[1.963s]    42 |             [01;31m[Kdefault[m[K:
[1.963s]       |             [01;31m[K^~~~~~~[m[K
[1.963s] [01m[K/home/sachinb/ros2_ws/src/task3/src/node1.cpp:33:22:[m[K [01;36m[Knote: [m[K  crosses initialization of â€˜[01m[Klong int time[m[Kâ€™
[1.963s]    33 |                 auto [01;36m[Ktime[m[K = std::chrono::system_clock::to_time_t(now);
[1.963s]       |                      [01;36m[K^~~~[m[K
[1.963s] [01m[K/home/sachinb/ros2_ws/src/task3/src/node1.cpp:32:22:[m[K [01;36m[Knote: [m[K  crosses initialization of â€˜[01m[Kstd::chrono::time_point<std::chrono::_V2::system_clock, std::chrono::duration<long int, std::ratio<1, 1000000000> > > now[m[Kâ€™
[1.963s]    32 |                 auto [01;36m[Know[m[K = std::chrono::system_clock::now();
[1.963s]       |                      [01;36m[K^~~[m[K
[3.971s] gmake[2]: *** [CMakeFiles/node1.dir/build.make:76: CMakeFiles/node1.dir/src/node1.cpp.o] Error 1
[3.971s] gmake[1]: *** [CMakeFiles/Makefile2:594: CMakeFiles/node1.dir/all] Error 2
[3.972s] gmake: *** [Makefile:146: all] Error 2
[3.974s] Invoked command in '/home/sachinb/ros2_ws/build/task3' returned '2': CMAKE_PREFIX_PATH=${CMAKE_PREFIX_PATH}:/home/sachinb/ros2_ws/install/task1:/opt/ros/humble /usr/bin/cmake --build /home/sachinb/ros2_ws/build/task3 -- -j8 -l8
