[35m[1mConsolidate compiler generated dependencies of target node1[0m
[  8%] Built target task3__rosidl_generator_c
[ 11%] [32mBuilding CXX object CMakeFiles/node2.dir/src/node2.cpp.o[0m
[ 14%] Built target task3__cpp
[ 20%] Built target node1
[ 20%] Built target ament_cmake_python_symlink_task3
[01m[K/home/sachinb/ros2_ws/src/task3/src/node2.cpp:1:10:[m[K [01;31m[Kfatal error: [m[Krclcpp/rclcpp.hpp: No such file or directory
    1 | #include [01;31m[K"rclcpp/rclcpp.hpp"[m[K
      |          [01;31m[K^~~~~~~~~~~~~~~~~~~[m[K
compilation terminated.
gmake[2]: *** [CMakeFiles/node2.dir/build.make:76: CMakeFiles/node2.dir/src/node2.cpp.o] Error 1
gmake[1]: *** [CMakeFiles/Makefile2:620: CMakeFiles/node2.dir/all] Error 2
gmake[1]: *** Waiting for unfinished jobs....
[ 28%] Built target task3__rosidl_typesupport_introspection_c
[ 45%] Built target task3__rosidl_typesupport_fastrtps_c
[ 45%] Built target task3__rosidl_typesupport_c
[ 57%] Built target task3__rosidl_typesupport_fastrtps_cpp
[ 62%] Built target task3__rosidl_typesupport_cpp
gmake: *** [Makefile:146: all] Error 2
