[01m[K/home/sachinb/ros2_ws/src/task3/src/node1.cpp:[m[K In member function â€˜[01m[Kvoid Node1::requestCallback(std::shared_ptr<task3::srv::Custom_Request_<std::allocator<void> > >, std::shared_ptr<task3::srv::Custom_Response_<std::allocator<void> > >)[m[Kâ€™:
[01m[K/home/sachinb/ros2_ws/src/task3/src/node1.cpp:36:18:[m[K [01;31m[Kerror: [m[Kjump to case label
   36 |             case [01;31m[K3[m[K:
      |                  [01;31m[K^[m[K
[01m[K/home/sachinb/ros2_ws/src/task3/src/node1.cpp:32:24:[m[K [01;36m[Knote: [m[K  crosses initialization of â€˜[01m[Ktime_t now[m[Kâ€™
   32 |                 time_t [01;36m[Know[m[K = time(NULL);
      |                        [01;36m[K^~~[m[K
[01m[K/home/sachinb/ros2_ws/src/task3/src/node1.cpp:39:18:[m[K [01;31m[Kerror: [m[Kjump to case label
   39 |             case [01;31m[K4[m[K:
      |                  [01;31m[K^[m[K
[01m[K/home/sachinb/ros2_ws/src/task3/src/node1.cpp:32:24:[m[K [01;36m[Knote: [m[K  crosses initialization of â€˜[01m[Ktime_t now[m[Kâ€™
   32 |                 time_t [01;36m[Know[m[K = time(NULL);
      |                        [01;36m[K^~~[m[K
[01m[K/home/sachinb/ros2_ws/src/task3/src/node1.cpp:42:13:[m[K [01;31m[Kerror: [m[Kjump to case label
   42 |             [01;31m[Kdefault[m[K:
      |             [01;31m[K^~~~~~~[m[K
[01m[K/home/sachinb/ros2_ws/src/task3/src/node1.cpp:32:24:[m[K [01;36m[Knote: [m[K  crosses initialization of â€˜[01m[Ktime_t now[m[Kâ€™
   32 |                 time_t [01;36m[Know[m[K = time(NULL);
      |                        [01;36m[K^~~[m[K
gmake[2]: *** [CMakeFiles/node1.dir/build.make:76: CMakeFiles/node1.dir/src/node1.cpp.o] Error 1
gmake[1]: *** [CMakeFiles/Makefile2:594: CMakeFiles/node1.dir/all] Error 2
gmake: *** [Makefile:146: all] Error 2
