[0.010s] Invoking command in '/home/sachinb/ros2_ws/build/task3': CMAKE_PREFIX_PATH=${CMAKE_PREFIX_PATH}:/home/sachinb/ros2_ws/install/task1:/opt/ros/humble /usr/bin/cmake --build /home/sachinb/ros2_ws/build/task3 -- -j8 -l8
[0.056s] [35m[1mConsolidate compiler generated dependencies of target node1[0m
[0.061s] [  2%] Built target task3__cpp
[0.064s] [ 11%] Built target task3__rosidl_generator_c
[0.073s] [ 17%] Built target node2
[0.076s] [ 17%] Built target ament_cmake_python_symlink_task3
[0.078s] [ 20%] [32mBuilding CXX object CMakeFiles/node1.dir/src/node1.cpp.o[0m
[0.092s] [ 31%] Built target task3__rosidl_typesupport_cpp
[0.092s] [ 37%] Built target task3__rosidl_typesupport_introspection_cpp
[0.092s] [ 45%] Built target task3__rosidl_typesupport_introspection_c
[0.092s] [ 54%] Built target task3__rosidl_typesupport_fastrtps_cpp
[0.092s] [ 62%] Built target task3__rosidl_typesupport_fastrtps_c
[0.097s] [ 71%] Built target task3__rosidl_typesupport_c
[0.113s] [ 71%] Built target task3
[0.129s] [ 74%] Built target task3__py
[0.146s] [ 80%] Built target task3__rosidl_generator_py
[0.166s] [ 85%] Built target task3__rosidl_typesupport_introspection_c__pyext
[0.168s] [ 91%] Built target task3__rosidl_typesupport_c__pyext
[0.168s] [ 97%] Built target task3__rosidl_typesupport_fastrtps_c__pyext
[0.302s] running egg_info
[0.302s] writing task3.egg-info/PKG-INFO
[0.302s] writing dependency_links to task3.egg-info/dependency_links.txt
[0.303s] writing top-level names to task3.egg-info/top_level.txt
[0.304s] reading manifest file 'task3.egg-info/SOURCES.txt'
[0.305s] writing manifest file 'task3.egg-info/SOURCES.txt'
[0.327s] [ 97%] Built target ament_cmake_python_build_task3_egg
[2.221s] [01m[K/home/sachinb/ros2_ws/src/task3/src/node1.cpp:[m[K In member function â€˜[01m[Kvoid Node1::requestCallback(std::shared_ptr<task3::srv::Custom_Request_<std::allocator<void> > >, std::shared_ptr<task3::srv::Custom_Response_<std::allocator<void> > >)[m[Kâ€™:
[2.221s] [01m[K/home/sachinb/ros2_ws/src/task3/src/node1.cpp:36:18:[m[K [01;31m[Kerror: [m[Kjump to case label
[2.222s]    36 |             case [01;31m[K3[m[K:
[2.222s]       |                  [01;31m[K^[m[K
[2.222s] [01m[K/home/sachinb/ros2_ws/src/task3/src/node1.cpp:32:24:[m[K [01;36m[Knote: [m[K  crosses initialization of â€˜[01m[Ktime_t now[m[Kâ€™
[2.222s]    32 |                 time_t [01;36m[Know[m[K = time(NULL);
[2.222s]       |                        [01;36m[K^~~[m[K
[2.222s] [01m[K/home/sachinb/ros2_ws/src/task3/src/node1.cpp:39:18:[m[K [01;31m[Kerror: [m[Kjump to case label
[2.222s]    39 |             case [01;31m[K4[m[K:
[2.222s]       |                  [01;31m[K^[m[K
[2.222s] [01m[K/home/sachinb/ros2_ws/src/task3/src/node1.cpp:32:24:[m[K [01;36m[Knote: [m[K  crosses initialization of â€˜[01m[Ktime_t now[m[Kâ€™
[2.222s]    32 |                 time_t [01;36m[Know[m[K = time(NULL);
[2.222s]       |                        [01;36m[K^~~[m[K
[2.222s] [01m[K/home/sachinb/ros2_ws/src/task3/src/node1.cpp:42:13:[m[K [01;31m[Kerror: [m[Kjump to case label
[2.222s]    42 |             [01;31m[Kdefault[m[K:
[2.222s]       |             [01;31m[K^~~~~~~[m[K
[2.222s] [01m[K/home/sachinb/ros2_ws/src/task3/src/node1.cpp:32:24:[m[K [01;36m[Knote: [m[K  crosses initialization of â€˜[01m[Ktime_t now[m[Kâ€™
[2.222s]    32 |                 time_t [01;36m[Know[m[K = time(NULL);
[2.222s]       |                        [01;36m[K^~~[m[K
[4.249s] gmake[2]: *** [CMakeFiles/node1.dir/build.make:76: CMakeFiles/node1.dir/src/node1.cpp.o] Error 1
[4.249s] gmake[1]: *** [CMakeFiles/Makefile2:594: CMakeFiles/node1.dir/all] Error 2
[4.249s] gmake: *** [Makefile:146: all] Error 2
[4.251s] Invoked command in '/home/sachinb/ros2_ws/build/task3' returned '2': CMAKE_PREFIX_PATH=${CMAKE_PREFIX_PATH}:/home/sachinb/ros2_ws/install/task1:/opt/ros/humble /usr/bin/cmake --build /home/sachinb/ros2_ws/build/task3 -- -j8 -l8
