[01m[K/home/sachinb/ros2_ws/src/task3/src/node1.cpp:[m[K In member function â€˜[01m[Kvoid Node1::serviceCallback(task3::srv::Custom_Request_<std::allocator<void> >::SharedPtr, task3::srv::Custom_Response_<std::allocator<void> >::SharedPtr)[m[Kâ€™:
[01m[K/home/sachinb/ros2_ws/src/task3/src/node1.cpp:80:18:[m[K [01;31m[Kerror: [m[Kjump to case label
   80 |             case [01;31m[K3[m[K:
      |                  [01;31m[K^[m[K
[01m[K/home/sachinb/ros2_ws/src/task3/src/node1.cpp:77:28:[m[K [01;36m[Knote: [m[K  crosses initialization of â€˜[01m[Ktime_t now[m[Kâ€™
   77 |                     time_t [01;36m[Know[m[K = time(0);
      |                            [01;36m[K^~~[m[K
[01m[K/home/sachinb/ros2_ws/src/task3/src/node1.cpp:83:18:[m[K [01;31m[Kerror: [m[Kjump to case label
   83 |             case [01;31m[K4[m[K:
      |                  [01;31m[K^[m[K
[01m[K/home/sachinb/ros2_ws/src/task3/src/node1.cpp:77:28:[m[K [01;36m[Knote: [m[K  crosses initialization of â€˜[01m[Ktime_t now[m[Kâ€™
   77 |                     time_t [01;36m[Know[m[K = time(0);
      |                            [01;36m[K^~~[m[K
[01m[K/home/sachinb/ros2_ws/src/task3/src/node1.cpp:86:13:[m[K [01;31m[Kerror: [m[Kjump to case label
   86 |             [01;31m[Kdefault[m[K:
      |             [01;31m[K^~~~~~~[m[K
[01m[K/home/sachinb/ros2_ws/src/task3/src/node1.cpp:77:28:[m[K [01;36m[Knote: [m[K  crosses initialization of â€˜[01m[Ktime_t now[m[Kâ€™
   77 |                     time_t [01;36m[Know[m[K = time(0);
      |                            [01;36m[K^~~[m[K
gmake[2]: *** [CMakeFiles/node1.dir/build.make:76: CMakeFiles/node1.dir/src/node1.cpp.o] Error 1
gmake[1]: *** [CMakeFiles/Makefile2:594: CMakeFiles/node1.dir/all] Error 2
gmake: *** [Makefile:146: all] Error 2
