[0.008s] Invoking command in '/home/sachinb/ros2_ws/build/task3': CMAKE_PREFIX_PATH=${CMAKE_PREFIX_PATH}:/home/sachinb/ros2_ws/install/task1:/opt/ros/humble /usr/bin/cmake --build /home/sachinb/ros2_ws/build/task3 -- -j8 -l8
[0.040s] [35m[1mConsolidate compiler generated dependencies of target node2[0m
[0.048s] [  2%] Built target task3__cpp
[0.053s] [ 11%] Built target task3__rosidl_generator_c
[0.059s] [ 14%] [32mBuilding CXX object CMakeFiles/node1.dir/src/node1.cpp.o[0m
[0.060s] [ 20%] Built target node2
[0.060s] [ 20%] Built target ament_cmake_python_symlink_task3
[0.079s] [ 28%] Built target task3__rosidl_typesupport_cpp
[0.080s] [ 37%] Built target task3__rosidl_typesupport_fastrtps_c
[0.080s] [ 45%] Built target task3__rosidl_typesupport_fastrtps_cpp
[0.082s] [ 54%] Built target task3__rosidl_typesupport_introspection_c
[0.084s] [ 62%] Built target task3__rosidl_typesupport_introspection_cpp
[0.087s] [ 71%] Built target task3__rosidl_typesupport_c
[0.104s] [ 71%] Built target task3
[0.120s] [ 74%] Built target task3__py
[0.137s] [ 80%] Built target task3__rosidl_generator_py
[0.156s] [ 85%] Built target task3__rosidl_typesupport_introspection_c__pyext
[0.156s] [ 91%] Built target task3__rosidl_typesupport_c__pyext
[0.163s] [ 97%] Built target task3__rosidl_typesupport_fastrtps_c__pyext
[0.293s] running egg_info
[0.293s] writing task3.egg-info/PKG-INFO
[0.293s] writing dependency_links to task3.egg-info/dependency_links.txt
[0.293s] writing top-level names to task3.egg-info/top_level.txt
[0.296s] reading manifest file 'task3.egg-info/SOURCES.txt'
[0.296s] writing manifest file 'task3.egg-info/SOURCES.txt'
[0.319s] [ 97%] Built target ament_cmake_python_build_task3_egg
[1.918s] [01m[K/home/sachinb/ros2_ws/src/task3/src/node1.cpp:[m[K In member function â€˜[01m[Kvoid Node1::serviceCallback(task3::srv::Custom_Request_<std::allocator<void> >::SharedPtr, task3::srv::Custom_Response_<std::allocator<void> >::SharedPtr)[m[Kâ€™:
[1.918s] [01m[K/home/sachinb/ros2_ws/src/task3/src/node1.cpp:80:18:[m[K [01;31m[Kerror: [m[Kjump to case label
[1.918s]    80 |             case [01;31m[K3[m[K:
[1.918s]       |                  [01;31m[K^[m[K
[1.918s] [01m[K/home/sachinb/ros2_ws/src/task3/src/node1.cpp:77:28:[m[K [01;36m[Knote: [m[K  crosses initialization of â€˜[01m[Ktime_t now[m[Kâ€™
[1.918s]    77 |                     time_t [01;36m[Know[m[K = time(0);
[1.918s]       |                            [01;36m[K^~~[m[K
[1.918s] [01m[K/home/sachinb/ros2_ws/src/task3/src/node1.cpp:83:18:[m[K [01;31m[Kerror: [m[Kjump to case label
[1.918s]    83 |             case [01;31m[K4[m[K:
[1.918s]       |                  [01;31m[K^[m[K
[1.918s] [01m[K/home/sachinb/ros2_ws/src/task3/src/node1.cpp:77:28:[m[K [01;36m[Knote: [m[K  crosses initialization of â€˜[01m[Ktime_t now[m[Kâ€™
[1.919s]    77 |                     time_t [01;36m[Know[m[K = time(0);
[1.919s]       |                            [01;36m[K^~~[m[K
[1.919s] [01m[K/home/sachinb/ros2_ws/src/task3/src/node1.cpp:86:13:[m[K [01;31m[Kerror: [m[Kjump to case label
[1.919s]    86 |             [01;31m[Kdefault[m[K:
[1.919s]       |             [01;31m[K^~~~~~~[m[K
[1.919s] [01m[K/home/sachinb/ros2_ws/src/task3/src/node1.cpp:77:28:[m[K [01;36m[Knote: [m[K  crosses initialization of â€˜[01m[Ktime_t now[m[Kâ€™
[1.919s]    77 |                     time_t [01;36m[Know[m[K = time(0);
[1.919s]       |                            [01;36m[K^~~[m[K
[2.420s] gmake[2]: *** [CMakeFiles/node1.dir/build.make:76: CMakeFiles/node1.dir/src/node1.cpp.o] Error 1
[2.420s] gmake[1]: *** [CMakeFiles/Makefile2:594: CMakeFiles/node1.dir/all] Error 2
[2.420s] gmake: *** [Makefile:146: all] Error 2
[2.422s] Invoked command in '/home/sachinb/ros2_ws/build/task3' returned '2': CMAKE_PREFIX_PATH=${CMAKE_PREFIX_PATH}:/home/sachinb/ros2_ws/install/task1:/opt/ros/humble /usr/bin/cmake --build /home/sachinb/ros2_ws/build/task3 -- -j8 -l8
