[0.012s] Invoking command in '/home/sachinb/ros2_ws/build/task3': CMAKE_PREFIX_PATH=${CMAKE_PREFIX_PATH}:/home/sachinb/ros2_ws/install/task1:/opt/ros/humble /usr/bin/cmake /home/sachinb/ros2_ws/src/task3 -DCMAKE_INSTALL_PREFIX=/home/sachinb/ros2_ws/install/task3
[0.030s] -- Found ament_cmake: 1.3.10 (/opt/ros/humble/share/ament_cmake/cmake)
[0.184s] -- Override CMake install command with custom implementation using symlinks instead of copying resources
[0.193s] -- Found rclcpp: 16.0.10 (/opt/ros/humble/share/rclcpp/cmake)
[0.232s] -- Found rosidl_generator_c: 3.1.5 (/opt/ros/humble/share/rosidl_generator_c/cmake)
[0.236s] -- Found rosidl_adapter: 3.1.5 (/opt/ros/humble/share/rosidl_adapter/cmake)
[0.244s] -- Found rosidl_generator_cpp: 3.1.5 (/opt/ros/humble/share/rosidl_generator_cpp/cmake)
[0.257s] -- Using all available rosidl_typesupport_c: rosidl_typesupport_fastrtps_c;rosidl_typesupport_introspection_c
[0.274s] -- Using all available rosidl_typesupport_cpp: rosidl_typesupport_fastrtps_cpp;rosidl_typesupport_introspection_cpp
[0.319s] -- Found rmw_implementation_cmake: 6.1.2 (/opt/ros/humble/share/rmw_implementation_cmake/cmake)
[0.321s] -- Found rmw_fastrtps_cpp: 6.2.7 (/opt/ros/humble/share/rmw_fastrtps_cpp/cmake)
[0.452s] -- Using RMW implementation 'rmw_fastrtps_cpp' as default
[0.522s] -- Found geometry_msgs: 4.2.4 (/opt/ros/humble/share/geometry_msgs/cmake)
[0.540s] -- Found rosidl_default_generators: 1.2.0 (/opt/ros/humble/share/rosidl_default_generators/cmake)
[0.883s] -- Found ament_cmake_ros: 0.10.0 (/opt/ros/humble/share/ament_cmake_ros/cmake)
[1.276s] -- Using all available rosidl_typesupport_c: rosidl_typesupport_fastrtps_c;rosidl_typesupport_introspection_c
[1.429s] -- Using all available rosidl_typesupport_cpp: rosidl_typesupport_fastrtps_cpp;rosidl_typesupport_introspection_cpp
[1.459s] -- Found PythonInterp: /usr/bin/python3 (found suitable version "3.10.12", minimum required is "3.6") 
[1.461s] -- Found python_cmake_module: 0.10.0 (/opt/ros/humble/share/python_cmake_module/cmake)
[1.495s] -- Found PythonLibs: /usr/lib/x86_64-linux-gnu/libpython3.10.so (found suitable version "3.10.12", minimum required is "3.5") 
[1.495s] -- Using PYTHON_EXECUTABLE: /usr/bin/python3
[1.495s] -- Using PYTHON_INCLUDE_DIRS: /usr/include/python3.10
[1.495s] -- Using PYTHON_LIBRARIES: /usr/lib/x86_64-linux-gnu/libpython3.10.so
[1.524s] -- Found PythonExtra: .so  
[1.570s] -- Found ament_lint_auto: 0.12.11 (/opt/ros/humble/share/ament_lint_auto/cmake)
[1.590s] -- Added test 'cppcheck' to perform static code analysis on C / C++ code
[1.591s] -- Configured cppcheck include dirs: 
[1.591s] -- Configured cppcheck exclude dirs and/or files: 
[1.592s] -- Added test 'lint_cmake' to check CMake code style
[1.594s] -- Added test 'uncrustify' to check C / C++ code style
[1.594s] -- Configured uncrustify additional arguments: 
[1.594s] -- Added test 'xmllint' to check XML markup files
[1.599s] -- Configuring done
[1.642s] -- Generating done
[1.645s] -- Build files have been written to: /home/sachinb/ros2_ws/build/task3
[1.655s] Invoked command in '/home/sachinb/ros2_ws/build/task3' returned '0': CMAKE_PREFIX_PATH=${CMAKE_PREFIX_PATH}:/home/sachinb/ros2_ws/install/task1:/opt/ros/humble /usr/bin/cmake /home/sachinb/ros2_ws/src/task3 -DCMAKE_INSTALL_PREFIX=/home/sachinb/ros2_ws/install/task3
[1.657s] Invoking command in '/home/sachinb/ros2_ws/build/task3': CMAKE_PREFIX_PATH=${CMAKE_PREFIX_PATH}:/home/sachinb/ros2_ws/install/task1:/opt/ros/humble /usr/bin/cmake --build /home/sachinb/ros2_ws/build/task3 -- -j8 -l8
[1.703s] [  3%] [34m[1mGenerating C code for ROS interfaces[0m
[1.715s] [  9%] [34m[1mGenerating C++ code for ROS interfaces[0m
[1.716s] [  9%] [32mBuilding CXX object CMakeFiles/node1.dir/src/node1.cpp.o[0m
[1.726s] [  9%] Built target ament_cmake_python_symlink_task3
[1.742s] [ 12%] [32m[1mLinking CXX executable node1[0m
[1.826s] /usr/bin/ld: /usr/lib/gcc/x86_64-linux-gnu/11/../../../x86_64-linux-gnu/Scrt1.o: in function `_start':
[1.826s] (.text+0x1b): undefined reference to `main'
[1.828s] collect2: error: ld returned 1 exit status
[1.830s] gmake[2]: *** [CMakeFiles/node1.dir/build.make:151: node1] Error 1
[1.830s] gmake[1]: *** [CMakeFiles/Makefile2:592: CMakeFiles/node1.dir/all] Error 2
[1.830s] gmake[1]: *** Waiting for unfinished jobs....
[2.085s] [ 12%] Built target task3__cpp
[2.089s] running egg_info
[2.090s] creating task3.egg-info
[2.090s] writing task3.egg-info/PKG-INFO
[2.090s] writing dependency_links to task3.egg-info/dependency_links.txt
[2.090s] writing top-level names to task3.egg-info/top_level.txt
[2.091s] writing manifest file 'task3.egg-info/SOURCES.txt'
[2.094s] reading manifest file 'task3.egg-info/SOURCES.txt'
[2.095s] writing manifest file 'task3.egg-info/SOURCES.txt'
[2.105s] [ 15%] [32mBuilding C object CMakeFiles/task3__rosidl_generator_c.dir/rosidl_generator_c/task3/srv/detail/custom_service__functions.c.o[0m
[2.128s] [ 15%] Built target ament_cmake_python_build_task3_egg
[2.183s] [ 18%] [32m[1mLinking C shared library libtask3__rosidl_generator_c.so[0m
[2.225s] [ 18%] Built target task3__rosidl_generator_c
[2.226s] gmake: *** [Makefile:146: all] Error 2
[2.228s] Invoked command in '/home/sachinb/ros2_ws/build/task3' returned '2': CMAKE_PREFIX_PATH=${CMAKE_PREFIX_PATH}:/home/sachinb/ros2_ws/install/task1:/opt/ros/humble /usr/bin/cmake --build /home/sachinb/ros2_ws/build/task3 -- -j8 -l8
