[0.015s] Invoking command in '/home/sachinb/ros2_ws/build/task3': CMAKE_PREFIX_PATH=${CMAKE_PREFIX_PATH}:/home/sachinb/ros2_ws/install/task1:/opt/ros/humble /usr/bin/cmake /home/sachinb/ros2_ws/src/task3 -DAMENT_CMAKE_SYMLINK_INSTALL=1 -DCMAKE_INSTALL_PREFIX=/home/sachinb/ros2_ws/install/task3
[0.030s] -- Found ament_cmake: 1.3.10 (/opt/ros/humble/share/ament_cmake/cmake)
[0.184s] -- Override CMake install command with custom implementation using symlinks instead of copying resources
[0.194s] -- Found rclcpp: 16.0.10 (/opt/ros/humble/share/rclcpp/cmake)
[0.234s] -- Found rosidl_generator_c: 3.1.5 (/opt/ros/humble/share/rosidl_generator_c/cmake)
[0.237s] -- Found rosidl_adapter: 3.1.5 (/opt/ros/humble/share/rosidl_adapter/cmake)
[0.245s] -- Found rosidl_generator_cpp: 3.1.5 (/opt/ros/humble/share/rosidl_generator_cpp/cmake)
[0.258s] -- Using all available rosidl_typesupport_c: rosidl_typesupport_fastrtps_c;rosidl_typesupport_introspection_c
[0.275s] -- Using all available rosidl_typesupport_cpp: rosidl_typesupport_fastrtps_cpp;rosidl_typesupport_introspection_cpp
[0.320s] -- Found rmw_implementation_cmake: 6.1.2 (/opt/ros/humble/share/rmw_implementation_cmake/cmake)
[0.322s] -- Found rmw_fastrtps_cpp: 6.2.7 (/opt/ros/humble/share/rmw_fastrtps_cpp/cmake)
[0.460s] -- Using RMW implementation 'rmw_fastrtps_cpp' as default
[0.528s] -- Found rosidl_default_generators: 1.2.0 (/opt/ros/humble/share/rosidl_default_generators/cmake)
[0.860s] -- Found ament_cmake_ros: 0.10.0 (/opt/ros/humble/share/ament_cmake_ros/cmake)
[1.246s] -- Using all available rosidl_typesupport_c: rosidl_typesupport_fastrtps_c;rosidl_typesupport_introspection_c
[1.399s] -- Using all available rosidl_typesupport_cpp: rosidl_typesupport_fastrtps_cpp;rosidl_typesupport_introspection_cpp
[1.430s] -- Found python_cmake_module: 0.10.0 (/opt/ros/humble/share/python_cmake_module/cmake)
[1.459s] -- Using PYTHON_EXECUTABLE: /usr/bin/python3
[1.459s] -- Using PYTHON_INCLUDE_DIRS: /usr/include/python3.10
[1.460s] -- Using PYTHON_LIBRARIES: /usr/lib/x86_64-linux-gnu/libpython3.10.so
[1.501s] -- Found ament_lint_auto: 0.12.11 (/opt/ros/humble/share/ament_lint_auto/cmake)
[1.528s] -- Added test 'cppcheck' to perform static code analysis on C / C++ code
[1.528s] -- Configured cppcheck include dirs: 
[1.529s] -- Configured cppcheck exclude dirs and/or files: 
[1.530s] -- Added test 'lint_cmake' to check CMake code style
[1.531s] -- Added test 'uncrustify' to check C / C++ code style
[1.532s] -- Configured uncrustify additional arguments: 
[1.532s] -- Added test 'xmllint' to check XML markup files
[1.537s] -- Configuring done
[1.588s] -- Generating done
[1.593s] -- Build files have been written to: /home/sachinb/ros2_ws/build/task3
[1.602s] Invoked command in '/home/sachinb/ros2_ws/build/task3' returned '0': CMAKE_PREFIX_PATH=${CMAKE_PREFIX_PATH}:/home/sachinb/ros2_ws/install/task1:/opt/ros/humble /usr/bin/cmake /home/sachinb/ros2_ws/src/task3 -DAMENT_CMAKE_SYMLINK_INSTALL=1 -DCMAKE_INSTALL_PREFIX=/home/sachinb/ros2_ws/install/task3
[1.605s] Invoking command in '/home/sachinb/ros2_ws/build/task3': CMAKE_PREFIX_PATH=${CMAKE_PREFIX_PATH}:/home/sachinb/ros2_ws/install/task1:/opt/ros/humble /usr/bin/cmake --build /home/sachinb/ros2_ws/build/task3 -- -j8 -l8
[1.653s] [35m[1mConsolidate compiler generated dependencies of target node1[0m
[1.653s] [35m[1mConsolidate compiler generated dependencies of target task3__rosidl_generator_c[0m
[1.665s] [  2%] [32mBuilding CXX object CMakeFiles/node1.dir/src/node1.cpp.o[0m
[1.673s] [  5%] Built target task3__cpp
[1.673s] [ 14%] Built target task3__rosidl_generator_c
[1.673s] [ 17%] [32mBuilding CXX object CMakeFiles/node2.dir/src/node2.cpp.o[0m
[1.681s] [ 17%] Built target ament_cmake_python_symlink_task3
[1.687s] [01m[K/home/sachinb/ros2_ws/src/task3/src/node2.cpp:1:10:[m[K [01;31m[Kfatal error: [m[Krclcpp/rclcpp.hpp: No such file or directory
[1.687s]     1 | #include [01;31m[K"rclcpp/rclcpp.hpp"[m[K
[1.687s]       |          [01;31m[K^~~~~~~~~~~~~~~~~~~[m[K
[1.687s] compilation terminated.
[1.687s] gmake[2]: *** [CMakeFiles/node2.dir/build.make:76: CMakeFiles/node2.dir/src/node2.cpp.o] Error 1
[1.689s] gmake[1]: *** [CMakeFiles/Makefile2:620: CMakeFiles/node2.dir/all] Error 2
[1.689s] [35m[1mConsolidate compiler generated dependencies of target task3__rosidl_typesupport_cpp[0m
[1.690s] [35m[1mConsolidate compiler generated dependencies of target task3__rosidl_typesupport_fastrtps_cpp[0m
[1.691s] [35m[1mConsolidate compiler generated dependencies of target task3__rosidl_typesupport_fastrtps_c[0m
[1.692s] [35m[1mConsolidate compiler generated dependencies of target task3__rosidl_typesupport_introspection_c[0m
[1.695s] gmake[1]: *** Waiting for unfinished jobs....
[1.698s] [35m[1mConsolidate compiler generated dependencies of target task3__rosidl_typesupport_c[0m
[1.702s] [35m[1mConsolidate compiler generated dependencies of target task3__rosidl_typesupport_introspection_cpp[0m
[1.712s] [ 34%] Built target task3__rosidl_typesupport_introspection_c
[1.713s] [ 45%] Built target task3__rosidl_typesupport_cpp
[1.713s] [ 51%] Built target task3__rosidl_typesupport_fastrtps_c
[1.715s] [ 34%] Built target task3__rosidl_typesupport_fastrtps_cpp
[1.715s] [ 60%] Built target task3__rosidl_typesupport_c
[1.724s] [ 68%] Built target task3__rosidl_typesupport_introspection_cpp
[5.529s] [ 71%] [32m[1mLinking CXX executable node1[0m
[5.677s] [ 71%] Built target node1
[5.678s] gmake: *** [Makefile:146: all] Error 2
[5.680s] Invoked command in '/home/sachinb/ros2_ws/build/task3' returned '2': CMAKE_PREFIX_PATH=${CMAKE_PREFIX_PATH}:/home/sachinb/ros2_ws/install/task1:/opt/ros/humble /usr/bin/cmake --build /home/sachinb/ros2_ws/build/task3 -- -j8 -l8
