[01m[K/home/sachinb/ros2_ws/src/task3/src/node1.cpp:2:10:[m[K [01;31m[Kfatal error: [m[Ktask3/srv/custom_service.hpp: No such file or directory
    2 | #include [01;31m[K"task3/srv/custom_service.hpp"[m[K
      |          [01;31m[K^~~~~~~~~~~~~~~~~~~~~~~~~~~~~~[m[K
compilation terminated.
gmake[2]: *** [CMakeFiles/node1.dir/build.make:76: CMakeFiles/node1.dir/src/node1.cpp.o] Error 1
gmake[1]: *** [CMakeFiles/Makefile2:594: CMakeFiles/node1.dir/all] Error 2
gmake[1]: *** Waiting for unfinished jobs....
gmake: *** [Makefile:146: all] Error 2
