[0.015s] Invoking command in '/home/sachinb/ros2_ws/build/task3': CMAKE_PREFIX_PATH=${CMAKE_PREFIX_PATH}:/home/sachinb/ros2_ws/install/task1:/opt/ros/humble /usr/bin/cmake --build /home/sachinb/ros2_ws/build/task3 -- -j8 -l8
[0.074s] [35m[1mConsolidate compiler generated dependencies of target node2[0m
[0.078s] [  2%] Built target task3__cpp
[0.080s] [ 11%] Built target task3__rosidl_generator_c
[0.090s] [ 14%] [32mBuilding CXX object CMakeFiles/node1.dir/src/node1.cpp.o[0m
[0.095s] [ 14%] Built target ament_cmake_python_symlink_task3
[0.112s] [ 20%] Built target node2
[0.116s] [ 37%] Built target task3__rosidl_typesupport_cpp
[0.117s] [ 37%] Built target task3__rosidl_typesupport_introspection_cpp
[0.119s] [ 51%] Built target task3__rosidl_typesupport_fastrtps_c
[0.120s] [ 54%] Built target task3__rosidl_typesupport_fastrtps_cpp
[0.120s] [ 62%] Built target task3__rosidl_typesupport_introspection_c
[0.136s] [ 71%] Built target task3__rosidl_typesupport_c
[0.160s] [ 71%] Built target task3
[0.184s] [ 74%] Built target task3__py
[0.211s] [ 80%] Built target task3__rosidl_generator_py
[0.240s] [ 85%] Built target task3__rosidl_typesupport_fastrtps_c__pyext
[0.242s] [ 91%] Built target task3__rosidl_typesupport_c__pyext
[0.246s] [ 97%] Built target task3__rosidl_typesupport_introspection_c__pyext
[0.362s] [01m[K/home/sachinb/ros2_ws/src/task3/src/node1.cpp:2:10:[m[K [01;31m[Kfatal error: [m[Ktask3/srv/custom_service.hpp: No such file or directory
[0.362s]     2 | #include [01;31m[K"task3/srv/custom_service.hpp"[m[K
[0.362s]       |          [01;31m[K^~~~~~~~~~~~~~~~~~~~~~~~~~~~~~[m[K
[0.362s] compilation terminated.
[0.374s] gmake[2]: *** [CMakeFiles/node1.dir/build.make:76: CMakeFiles/node1.dir/src/node1.cpp.o] Error 1
[0.375s] gmake[1]: *** [CMakeFiles/Makefile2:594: CMakeFiles/node1.dir/all] Error 2
[0.375s] gmake[1]: *** Waiting for unfinished jobs....
[0.484s] running egg_info
[0.485s] writing task3.egg-info/PKG-INFO
[0.486s] writing dependency_links to task3.egg-info/dependency_links.txt
[0.486s] writing top-level names to task3.egg-info/top_level.txt
[0.489s] reading manifest file 'task3.egg-info/SOURCES.txt'
[0.490s] writing manifest file 'task3.egg-info/SOURCES.txt'
[0.521s] [ 97%] Built target ament_cmake_python_build_task3_egg
[0.522s] gmake: *** [Makefile:146: all] Error 2
[0.524s] Invoked command in '/home/sachinb/ros2_ws/build/task3' returned '2': CMAKE_PREFIX_PATH=${CMAKE_PREFIX_PATH}:/home/sachinb/ros2_ws/install/task1:/opt/ros/humble /usr/bin/cmake --build /home/sachinb/ros2_ws/build/task3 -- -j8 -l8
