-- Found ament_cmake: 1.3.10 (/opt/ros/humble/share/ament_cmake/cmake)
-- Override CMake install command with custom implementation using symlinks instead of copying resources
-- Found rclcpp: 16.0.10 (/opt/ros/humble/share/rclcpp/cmake)
-- Found rosidl_generator_c: 3.1.5 (/opt/ros/humble/share/rosidl_generator_c/cmake)
-- Found rosidl_adapter: 3.1.5 (/opt/ros/humble/share/rosidl_adapter/cmake)
-- Found rosidl_generator_cpp: 3.1.5 (/opt/ros/humble/share/rosidl_generator_cpp/cmake)
-- Using all available rosidl_typesupport_c: rosidl_typesupport_fastrtps_c;rosidl_typesupport_introspection_c
-- Using all available rosidl_typesupport_cpp: rosidl_typesupport_fastrtps_cpp;rosidl_typesupport_introspection_cpp
-- Found rmw_implementation_cmake: 6.1.2 (/opt/ros/humble/share/rmw_implementation_cmake/cmake)
-- Found rmw_fastrtps_cpp: 6.2.7 (/opt/ros/humble/share/rmw_fastrtps_cpp/cmake)
-- Using RMW implementation 'rmw_fastrtps_cpp' as default
-- Found rosidl_default_generators: 1.2.0 (/opt/ros/humble/share/rosidl_default_generators/cmake)
-- Found ament_cmake_ros: 0.10.0 (/opt/ros/humble/share/ament_cmake_ros/cmake)
-- Using all available rosidl_typesupport_c: rosidl_typesupport_fastrtps_c;rosidl_typesupport_introspection_c
-- Using all available rosidl_typesupport_cpp: rosidl_typesupport_fastrtps_cpp;rosidl_typesupport_introspection_cpp
-- Found python_cmake_module: 0.10.0 (/opt/ros/humble/share/python_cmake_module/cmake)
-- Using PYTHON_EXECUTABLE: /usr/bin/python3
-- Using PYTHON_INCLUDE_DIRS: /usr/include/python3.10
-- Using PYTHON_LIBRARIES: /usr/lib/x86_64-linux-gnu/libpython3.10.so
-- Found ament_lint_auto: 0.12.11 (/opt/ros/humble/share/ament_lint_auto/cmake)
-- Added test 'cppcheck' to perform static code analysis on C / C++ code
-- Configured cppcheck include dirs: 
-- Configured cppcheck exclude dirs and/or files: 
-- Added test 'lint_cmake' to check CMake code style
-- Added test 'uncrustify' to check C / C++ code style
-- Configured uncrustify additional arguments: 
-- Added test 'xmllint' to check XML markup files
-- Configuring done
-- Generating done
-- Build files have been written to: /home/sachinb/ros2_ws/build/task3
[35m[1mConsolidate compiler generated dependencies of target task3__rosidl_generator_c[0m
[35m[1mConsolidate compiler generated dependencies of target node1[0m
[35m[1mConsolidate compiler generated dependencies of target node2[0m
[  2%] Built target task3__cpp
[ 11%] Built target task3__rosidl_generator_c
[35m[1mConsolidate compiler generated dependencies of target task3__rosidl_typesupport_cpp[0m
[35m[1mConsolidate compiler generated dependencies of target task3__rosidl_typesupport_fastrtps_cpp[0m
[ 14%] [32mBuilding CXX object CMakeFiles/node1.dir/src/node1.cpp.o[0m
[ 14%] Built target ament_cmake_python_symlink_task3
[35m[1mConsolidate compiler generated dependencies of target task3__rosidl_typesupport_fastrtps_c[0m
[35m[1mConsolidate compiler generated dependencies of target task3__rosidl_typesupport_introspection_c[0m
[35m[1mConsolidate compiler generated dependencies of target task3__rosidl_typesupport_introspection_cpp[0m
[ 17%] [32mBuilding CXX object CMakeFiles/node2.dir/src/node2.cpp.o[0m
[ 25%] Built target task3__rosidl_typesupport_cpp
[ 34%] Built target task3__rosidl_typesupport_fastrtps_cpp
[35m[1mConsolidate compiler generated dependencies of target task3__rosidl_typesupport_c[0m
[ 42%] Built target task3__rosidl_typesupport_fastrtps_c
[ 51%] Built target task3__rosidl_typesupport_introspection_cpp
[ 60%] Built target task3__rosidl_typesupport_introspection_c
[ 68%] Built target task3__rosidl_typesupport_c
[ 68%] Built target task3
[ 71%] Built target task3__py
[35m[1mConsolidate compiler generated dependencies of target task3__rosidl_generator_py[0m
[ 77%] Built target task3__rosidl_generator_py
[35m[1mConsolidate compiler generated dependencies of target task3__rosidl_typesupport_c__pyext[0m
[35m[1mConsolidate compiler generated dependencies of target task3__rosidl_typesupport_fastrtps_c__pyext[0m
[35m[1mConsolidate compiler generated dependencies of target task3__rosidl_typesupport_introspection_c__pyext[0m
[ 82%] Built target task3__rosidl_typesupport_c__pyext
[ 88%] Built target task3__rosidl_typesupport_fastrtps_c__pyext
[ 94%] Built target task3__rosidl_typesupport_introspection_c__pyext
[01m[K/home/sachinb/ros2_ws/src/task3/src/node1.cpp:2:10:[m[K [01;31m[Kfatal error: [m[Ktask3/srv/custom_service.hpp: No such file or directory
    2 | #include [01;31m[K"task3/srv/custom_service.hpp"[m[K
      |          [01;31m[K^~~~~~~~~~~~~~~~~~~~~~~~~~~~~~[m[K
compilation terminated.
gmake[2]: *** [CMakeFiles/node1.dir/build.make:76: CMakeFiles/node1.dir/src/node1.cpp.o] Error 1
gmake[1]: *** [CMakeFiles/Makefile2:594: CMakeFiles/node1.dir/all] Error 2
gmake[1]: *** Waiting for unfinished jobs....
running egg_info
writing task3.egg-info/PKG-INFO
writing dependency_links to task3.egg-info/dependency_links.txt
writing top-level names to task3.egg-info/top_level.txt
reading manifest file 'task3.egg-info/SOURCES.txt'
writing manifest file 'task3.egg-info/SOURCES.txt'
[ 94%] Built target ament_cmake_python_build_task3_egg
[ 97%] [32m[1mLinking CXX executable node2[0m
[ 97%] Built target node2
gmake: *** [Makefile:146: all] Error 2
