[0.015s] Invoking command in '/home/sachinb/ros2_ws/build/task3': CMAKE_PREFIX_PATH=${CMAKE_PREFIX_PATH}:/home/sachinb/ros2_ws/install/task1:/opt/ros/humble /usr/bin/cmake /home/sachinb/ros2_ws/src/task3 -DCMAKE_INSTALL_PREFIX=/home/sachinb/ros2_ws/install/task3
[0.053s] -- Found ament_cmake: 1.3.10 (/opt/ros/humble/share/ament_cmake/cmake)
[0.220s] -- Override CMake install command with custom implementation using symlinks instead of copying resources
[0.237s] -- Found rclcpp: 16.0.10 (/opt/ros/humble/share/rclcpp/cmake)
[0.287s] -- Found rosidl_generator_c: 3.1.5 (/opt/ros/humble/share/rosidl_generator_c/cmake)
[0.291s] -- Found rosidl_adapter: 3.1.5 (/opt/ros/humble/share/rosidl_adapter/cmake)
[0.300s] -- Found rosidl_generator_cpp: 3.1.5 (/opt/ros/humble/share/rosidl_generator_cpp/cmake)
[0.317s] -- Using all available rosidl_typesupport_c: rosidl_typesupport_fastrtps_c;rosidl_typesupport_introspection_c
[0.338s] -- Using all available rosidl_typesupport_cpp: rosidl_typesupport_fastrtps_cpp;rosidl_typesupport_introspection_cpp
[0.391s] -- Found rmw_implementation_cmake: 6.1.2 (/opt/ros/humble/share/rmw_implementation_cmake/cmake)
[0.394s] -- Found rmw_fastrtps_cpp: 6.2.7 (/opt/ros/humble/share/rmw_fastrtps_cpp/cmake)
[0.531s] -- Using RMW implementation 'rmw_fastrtps_cpp' as default
[0.612s] -- Found rosidl_default_generators: 1.2.0 (/opt/ros/humble/share/rosidl_default_generators/cmake)
[0.955s] -- Found ament_cmake_ros: 0.10.0 (/opt/ros/humble/share/ament_cmake_ros/cmake)
[1.353s] -- Using all available rosidl_typesupport_c: rosidl_typesupport_fastrtps_c;rosidl_typesupport_introspection_c
[1.512s] -- Using all available rosidl_typesupport_cpp: rosidl_typesupport_fastrtps_cpp;rosidl_typesupport_introspection_cpp
[1.544s] -- Found python_cmake_module: 0.10.0 (/opt/ros/humble/share/python_cmake_module/cmake)
[1.575s] -- Using PYTHON_EXECUTABLE: /usr/bin/python3
[1.575s] -- Using PYTHON_INCLUDE_DIRS: /usr/include/python3.10
[1.575s] -- Using PYTHON_LIBRARIES: /usr/lib/x86_64-linux-gnu/libpython3.10.so
[1.596s] -- Found ament_lint_auto: 0.12.11 (/opt/ros/humble/share/ament_lint_auto/cmake)
[1.618s] -- Added test 'cppcheck' to perform static code analysis on C / C++ code
[1.618s] -- Configured cppcheck include dirs: 
[1.619s] -- Configured cppcheck exclude dirs and/or files: 
[1.620s] -- Added test 'lint_cmake' to check CMake code style
[1.621s] -- Added test 'uncrustify' to check C / C++ code style
[1.621s] -- Configured uncrustify additional arguments: 
[1.622s] -- Added test 'xmllint' to check XML markup files
[1.627s] -- Configuring done
[1.678s] -- Generating done
[1.683s] -- Build files have been written to: /home/sachinb/ros2_ws/build/task3
[1.693s] Invoked command in '/home/sachinb/ros2_ws/build/task3' returned '0': CMAKE_PREFIX_PATH=${CMAKE_PREFIX_PATH}:/home/sachinb/ros2_ws/install/task1:/opt/ros/humble /usr/bin/cmake /home/sachinb/ros2_ws/src/task3 -DCMAKE_INSTALL_PREFIX=/home/sachinb/ros2_ws/install/task3
[1.696s] Invoking command in '/home/sachinb/ros2_ws/build/task3': CMAKE_PREFIX_PATH=${CMAKE_PREFIX_PATH}:/home/sachinb/ros2_ws/install/task1:/opt/ros/humble /usr/bin/cmake --build /home/sachinb/ros2_ws/build/task3 -- -j8 -l8
[1.745s] [35m[1mConsolidate compiler generated dependencies of target task3__rosidl_generator_c[0m
[1.749s] [35m[1mConsolidate compiler generated dependencies of target node1[0m
[1.750s] [35m[1mConsolidate compiler generated dependencies of target node2[0m
[1.758s] [  2%] Built target task3__cpp
[1.764s] [ 11%] Built target task3__rosidl_generator_c
[1.777s] [35m[1mConsolidate compiler generated dependencies of target task3__rosidl_typesupport_cpp[0m
[1.778s] [35m[1mConsolidate compiler generated dependencies of target task3__rosidl_typesupport_fastrtps_cpp[0m
[1.781s] [ 14%] [32mBuilding CXX object CMakeFiles/node1.dir/src/node1.cpp.o[0m
[1.784s] [ 14%] Built target ament_cmake_python_symlink_task3
[1.788s] [35m[1mConsolidate compiler generated dependencies of target task3__rosidl_typesupport_fastrtps_c[0m
[1.790s] [35m[1mConsolidate compiler generated dependencies of target task3__rosidl_typesupport_introspection_c[0m
[1.790s] [35m[1mConsolidate compiler generated dependencies of target task3__rosidl_typesupport_introspection_cpp[0m
[1.792s] [ 17%] [32mBuilding CXX object CMakeFiles/node2.dir/src/node2.cpp.o[0m
[1.800s] [ 25%] Built target task3__rosidl_typesupport_cpp
[1.802s] [ 34%] Built target task3__rosidl_typesupport_fastrtps_cpp
[1.802s] [35m[1mConsolidate compiler generated dependencies of target task3__rosidl_typesupport_c[0m
[1.812s] [ 42%] Built target task3__rosidl_typesupport_fastrtps_c
[1.813s] [ 51%] Built target task3__rosidl_typesupport_introspection_cpp
[1.813s] [ 60%] Built target task3__rosidl_typesupport_introspection_c
[1.819s] [ 68%] Built target task3__rosidl_typesupport_c
[1.843s] [ 68%] Built target task3
[1.870s] [ 71%] Built target task3__py
[1.886s] [35m[1mConsolidate compiler generated dependencies of target task3__rosidl_generator_py[0m
[1.899s] [ 77%] Built target task3__rosidl_generator_py
[1.919s] [35m[1mConsolidate compiler generated dependencies of target task3__rosidl_typesupport_c__pyext[0m
[1.919s] [35m[1mConsolidate compiler generated dependencies of target task3__rosidl_typesupport_fastrtps_c__pyext[0m
[1.924s] [35m[1mConsolidate compiler generated dependencies of target task3__rosidl_typesupport_introspection_c__pyext[0m
[1.936s] [ 82%] Built target task3__rosidl_typesupport_c__pyext
[1.943s] [ 88%] Built target task3__rosidl_typesupport_fastrtps_c__pyext
[1.947s] [ 94%] Built target task3__rosidl_typesupport_introspection_c__pyext
[2.100s] [01m[K/home/sachinb/ros2_ws/src/task3/src/node1.cpp:2:10:[m[K [01;31m[Kfatal error: [m[Ktask3/srv/custom_service.hpp: No such file or directory
[2.100s]     2 | #include [01;31m[K"task3/srv/custom_service.hpp"[m[K
[2.101s]       |          [01;31m[K^~~~~~~~~~~~~~~~~~~~~~~~~~~~~~[m[K
[2.101s] compilation terminated.
[2.104s] gmake[2]: *** [CMakeFiles/node1.dir/build.make:76: CMakeFiles/node1.dir/src/node1.cpp.o] Error 1
[2.104s] gmake[1]: *** [CMakeFiles/Makefile2:594: CMakeFiles/node1.dir/all] Error 2
[2.104s] gmake[1]: *** Waiting for unfinished jobs....
[2.229s] running egg_info
[2.230s] writing task3.egg-info/PKG-INFO
[2.230s] writing dependency_links to task3.egg-info/dependency_links.txt
[2.230s] writing top-level names to task3.egg-info/top_level.txt
[2.233s] reading manifest file 'task3.egg-info/SOURCES.txt'
[2.235s] writing manifest file 'task3.egg-info/SOURCES.txt'
[2.266s] [ 94%] Built target ament_cmake_python_build_task3_egg
[5.777s] [ 97%] [32m[1mLinking CXX executable node2[0m
[5.950s] [ 97%] Built target node2
[5.952s] gmake: *** [Makefile:146: all] Error 2
[5.954s] Invoked command in '/home/sachinb/ros2_ws/build/task3' returned '2': CMAKE_PREFIX_PATH=${CMAKE_PREFIX_PATH}:/home/sachinb/ros2_ws/install/task1:/opt/ros/humble /usr/bin/cmake --build /home/sachinb/ros2_ws/build/task3 -- -j8 -l8
