[0.014s] Invoking command in '/home/sachinb/ros2_ws/build/task3': /usr/bin/cmake --build /home/sachinb/ros2_ws/build/task3 -- -j8 -l8
[0.052s] -- Found ament_cmake: 1.3.10 (/opt/ros/humble/share/ament_cmake/cmake)
[0.210s] -- Override CMake install command with custom implementation using symlinks instead of copying resources
[0.226s] -- Found rclcpp: 16.0.10 (/opt/ros/humble/share/rclcpp/cmake)
[0.277s] -- Found rosidl_generator_c: 3.1.5 (/opt/ros/humble/share/rosidl_generator_c/cmake)
[0.281s] -- Found rosidl_adapter: 3.1.5 (/opt/ros/humble/share/rosidl_adapter/cmake)
[0.291s] -- Found rosidl_generator_cpp: 3.1.5 (/opt/ros/humble/share/rosidl_generator_cpp/cmake)
[0.307s] -- Using all available rosidl_typesupport_c: rosidl_typesupport_fastrtps_c;rosidl_typesupport_introspection_c
[0.326s] -- Using all available rosidl_typesupport_cpp: rosidl_typesupport_fastrtps_cpp;rosidl_typesupport_introspection_cpp
[0.380s] -- Found rmw_implementation_cmake: 6.1.2 (/opt/ros/humble/share/rmw_implementation_cmake/cmake)
[0.382s] -- Found rmw_fastrtps_cpp: 6.2.7 (/opt/ros/humble/share/rmw_fastrtps_cpp/cmake)
[0.516s] -- Using RMW implementation 'rmw_fastrtps_cpp' as default
[0.595s] -- Found rosidl_default_generators: 1.2.0 (/opt/ros/humble/share/rosidl_default_generators/cmake)
[0.605s] -- Found task3: 0.0.0 (/home/sachinb/ros2_ws/install/task3/share/task3/cmake)
[0.849s] Error parsing '/home/sachinb/ros2_ws/src/task3/package.xml':
[0.915s] Traceback (most recent call last):
[0.915s]   File "/opt/ros/humble/share/ament_cmake_core/cmake/core/package_xml_2_cmake.py", line 150, in <module>
[0.915s]     main()
[0.916s]   File "/opt/ros/humble/share/ament_cmake_core/cmake/core/package_xml_2_cmake.py", line 53, in main
[0.916s]     raise e
[0.916s]   File "/opt/ros/humble/share/ament_cmake_core/cmake/core/package_xml_2_cmake.py", line 49, in main
[0.916s]     package = parse_package_string(
[0.916s]   File "/usr/lib/python3/dist-packages/catkin_pkg/package.py", line 788, in parse_package_string
[0.916s]     pkg.validate(warnings=warnings)
[0.917s]   File "/usr/lib/python3/dist-packages/catkin_pkg/package.py", line 330, in validate
[0.917s]     raise InvalidPackage('\n'.join(errors), self.filename)
[0.917s] catkin_pkg.package.InvalidPackage: Error(s) in package '/home/sachinb/ros2_ws/src/task3/package.xml':
[0.917s] The package "task3" must not "build_depend" on a package with the same name as this package
[0.917s] The package "task3" must not "build_export_depend" on a package with the same name as this package
[0.917s] The package "task3" must not "exec_depend" on a package with the same name as this package
[0.935s] [31mCMake Error at /opt/ros/humble/share/ament_cmake_core/cmake/core/ament_package_xml.cmake:95 (message):
[0.935s]   execute_process(/usr/bin/python3
[0.935s]   /opt/ros/humble/share/ament_cmake_core/cmake/core/package_xml_2_cmake.py
[0.935s]   /home/sachinb/ros2_ws/src/task3/package.xml
[0.935s]   /home/sachinb/ros2_ws/build/task3/ament_cmake_core/package.cmake) returned
[0.935s]   error code 1
[0.935s] Call Stack (most recent call first):
[0.935s]   /opt/ros/humble/share/ament_cmake_core/cmake/core/ament_package_xml.cmake:49 (_ament_package_xml)
[0.935s]   /opt/ros/humble/share/rosidl_cmake/cmake/rosidl_generate_interfaces.cmake:226 (ament_package_xml)
[0.936s]   CMakeLists.txt:15 (rosidl_generate_interfaces)
[0.936s] 
[0.936s] [0m
[0.936s] -- Configuring incomplete, errors occurred!
[0.936s] See also "/home/sachinb/ros2_ws/build/task3/CMakeFiles/CMakeOutput.log".
[0.945s] gmake: *** [Makefile:829: cmake_check_build_system] Error 1
[0.947s] Invoked command in '/home/sachinb/ros2_ws/build/task3' returned '2': /usr/bin/cmake --build /home/sachinb/ros2_ws/build/task3 -- -j8 -l8
